[2015-07-15 23:08:58](06322|4160587584) Try to connect MySQL server... (0x73fc58)
[2015-07-15 23:09:07](06322|4160587584) Connected to MySQL server. (0x73fc58)
[2015-07-15 23:12:18](06560|4160587584) Try to connect MySQL server... (0x73fc58)
[2015-07-15 23:12:18](06560|4160587584) Connected to MySQL server. (0x73fc58)
[2015-07-15 23:15:53](06704|4160587584) Try to connect MySQL server... (0x73fc58)
[2015-07-15 23:15:53](06704|4160587584) Connected to MySQL server. (0x73fc58)
[2015-07-15 23:19:14](06810|4160587584) Try to connect MySQL server... (0x73fc58)
[2015-07-15 23:19:14](06810|4160587584) Connected to MySQL server. (0x73fc58)
[2015-07-15 23:31:40](07150|4160587584) Try to connect MySQL server... (0x73fc58)
[2015-07-15 23:31:40](07150|4160587584) Connected to MySQL server. (0x73fc58)
[2015-07-16 01:30:06](10603|1948661568) Try to connect MySQL server... (0x244bc58)
[2015-07-16 01:30:06](10603|1948661568) Connected to MySQL server. (0x244bc58)
[2015-07-16 02:13:11](11464|4160587584) Try to connect MySQL server... (0x73fc58)
[2015-07-16 02:13:11](11464|4160587584) Connected to MySQL server. (0x73fc58)
[2015-07-16 04:44:44](11464|4120745728) Try to connect MySQL server... (0x7fffe80014f8)
[2015-07-16 04:44:44](11464|4120745728) Connected to MySQL server. (0x7fffe80014f8)
[2015-07-16 04:44:44](11464|4120745728) ERROR: select count(*) as num from bl_user where AID=0; Error: Unknown column 'AID' in 'where clause'
[2015-07-16 04:51:36](11464|4120745728) Try to connect MySQL server... (0x7fffe800a498)
[2015-07-16 04:51:36](11464|4120745728) Connected to MySQL server. (0x7fffe800a498)
[2015-07-16 04:51:36](11464|4120745728) ERROR: select count(*) as num from bl_user where AID=0; Error: Unknown column 'AID' in 'where clause'
[2015-07-16 05:02:10](11464|4120745728) Try to connect MySQL server... (0x7fffe8012ff8)
[2015-07-16 05:02:10](11464|4120745728) Connected to MySQL server. (0x7fffe8012ff8)
[2015-07-16 05:02:10](11464|4120745728) ERROR: select count(*) as num from bl_user where AID=0; Error: Unknown column 'AID' in 'where clause'
[2015-07-16 18:48:19](02581|4160587584) Try to connect MySQL server... (0x73fc58)
[2015-07-16 18:48:19](02581|4160587584) ERROR: mysql_real_connect failed. Error: Can't connect to MySQL server on '192.168.18.147' (111).
[2015-07-16 18:48:52](02665|4160587584) Try to connect MySQL server... (0x73fc58)
[2015-07-16 18:48:52](02665|4160587584) ERROR: mysql_real_connect failed. Error: Can't connect to MySQL server on '192.168.18.147' (111).
[2015-07-16 18:48:54](02666|4160587584) Try to connect MySQL server... (0x73fc58)
[2015-07-16 18:49:03](02666|4160587584) Connected to MySQL server. (0x73fc58)
[2015-07-16 18:50:15](02666|4120745728) Try to connect MySQL server... (0x7fffe80014f8)
[2015-07-16 18:50:15](02666|4120745728) Connected to MySQL server. (0x7fffe80014f8)
[2015-07-16 18:50:15](02666|4120745728) ERROR: select count(*) as num from bl_user where AID=0; Error: Unknown column 'AID' in 'where clause'
[2015-07-16 18:54:36](02666|4120745728) Try to connect MySQL server... (0x7fffe800a498)
[2015-07-16 18:54:36](02666|4120745728) Connected to MySQL server. (0x7fffe800a498)
[2015-07-16 18:54:36](02666|4120745728) ERROR: select count(*) as num from bl_user where AID=0; Error: Unknown column 'AID' in 'where clause'
[2015-07-16 18:55:57](02666|4120745728) Try to connect MySQL server... (0x7fffe8012f78)
[2015-07-16 18:55:57](02666|4120745728) Connected to MySQL server. (0x7fffe8012f78)
[2015-07-16 18:55:57](02666|4120745728) ERROR: select count(*) as num from bl_user where AID=0; Error: Unknown column 'AID' in 'where clause'
[2015-07-16 18:57:12](02666|4120745728) epoll_wait error.
[2015-07-16 18:57:29](02666|4120745728) Try to connect MySQL server... (0x7fffe801ba18)
[2015-07-16 18:57:29](02666|4120745728) Connected to MySQL server. (0x7fffe801ba18)
[2015-07-16 18:57:29](02666|4120745728) ERROR: select count(*) as num from bl_user where AID=0; Error: Unknown column 'AID' in 'where clause'
[2015-07-16 19:01:13](02666|4120745728) epoll_wait error.
[2015-07-16 19:02:16](02666|4120745728) Try to connect MySQL server... (0x7fffe8024578)
[2015-07-16 19:02:16](02666|4120745728) Connected to MySQL server. (0x7fffe8024578)
[2015-07-16 19:02:16](02666|4120745728) ERROR: select count(*) as num from bl_user where AID=0; Error: Unknown column 'AID' in 'where clause'
[2015-07-16 19:07:00](02666|4120745728) epoll_wait error.
[2015-07-16 19:27:01](02666|4120745728) Try to connect MySQL server... (0x7fffe802cfe8)
[2015-07-16 19:27:01](02666|4120745728) Connected to MySQL server. (0x7fffe802cfe8)
[2015-07-16 19:27:01](02666|4120745728) ERROR: select count(*) as num from bl_user where AID=0; Error: Unknown column 'AID' in 'where clause'
[2015-07-16 19:33:13](04129|4160587584) Try to connect MySQL server... (0x73fc58)
[2015-07-16 19:33:13](04129|4160587584) Connected to MySQL server. (0x73fc58)
[2015-07-16 19:34:08](04129|4120745728) Try to connect MySQL server... (0x7fffe8001518)
[2015-07-16 19:34:08](04129|4120745728) Connected to MySQL server. (0x7fffe8001518)
[2015-07-16 19:34:08](04129|4120745728) ERROR: select count(*) as num from bl_user where AID=119; Error: Unknown column 'AID' in 'where clause'
[2015-07-16 19:36:55](04312|4160587584) Try to connect MySQL server... (0x73fc58)
[2015-07-16 19:36:55](04312|4160587584) Connected to MySQL server. (0x73fc58)
[2015-07-16 19:37:28](04312|4120745728) Try to connect MySQL server... (0x7fffe8001518)
[2015-07-16 19:37:28](04312|4120745728) Connected to MySQL server. (0x7fffe8001518)
[2015-07-16 19:37:28](04312|4120745728) ERROR: select count(*) as num from bl_user where AID=120; Error: Unknown column 'AID' in 'where clause'
[2015-07-16 19:38:16](04312|4120745728) epoll_wait error.
[2015-07-16 19:38:37](04312|4120745728) Try to connect MySQL server... (0x7fffe800a0d8)
[2015-07-16 19:38:37](04312|4120745728) Connected to MySQL server. (0x7fffe800a0d8)
[2015-07-16 19:38:42](04312|4120745728) Try to connect MySQL server... (0x7fffe80133d8)
[2015-07-16 19:38:42](04312|4120745728) Connected to MySQL server. (0x7fffe80133d8)
[2015-07-16 19:39:12](04312|4120745728) epoll_wait error.
[2015-07-16 19:44:16](04312|4120745728) Try to connect MySQL server... (0x7fffe801bf28)
[2015-07-16 19:44:16](04312|4120745728) Connected to MySQL server. (0x7fffe801bf28)
[2015-07-16 19:44:16](04312|4120745728) Try to connect MySQL server... (0x7fffe80249a8)
[2015-07-16 19:44:16](04312|4120745728) Connected to MySQL server. (0x7fffe80249a8)
[2015-07-16 19:44:16](04312|4120745728) Try to connect MySQL server... (0x7fffe8031c28)
[2015-07-16 19:44:16](04312|4120745728) Connected to MySQL server. (0x7fffe8031c28)
[2015-07-16 19:45:58](04312|4120745728) epoll_wait error.
[2015-07-16 19:46:14](04312|4120745728) Try to connect MySQL server... (0x7fffe803a938)
[2015-07-16 19:46:14](04312|4120745728) Connected to MySQL server. (0x7fffe803a938)
[2015-07-16 19:47:03](04312|4120745728) Try to connect MySQL server... (0x7fffe8043528)
[2015-07-16 19:47:03](04312|4120745728) Connected to MySQL server. (0x7fffe8043528)
[2015-07-16 19:48:24](04312|4120745728) Try to connect MySQL server... (0x7fffe8050638)
[2015-07-16 19:48:24](04312|4120745728) Connected to MySQL server. (0x7fffe8050638)
[2015-07-16 19:51:42](04519|4160587584) Try to connect MySQL server... (0x73fc58)
[2015-07-16 19:51:42](04519|4160587584) Connected to MySQL server. (0x73fc58)
[2015-07-16 19:52:18](04519|4120745728) Try to connect MySQL server... (0x7fffe8001518)
[2015-07-16 19:52:18](04519|4120745728) Connected to MySQL server. (0x7fffe8001518)
[2015-07-16 19:52:18](04519|4120745728) Try to connect MySQL server... (0x7fffe800a8f8)
[2015-07-16 19:52:18](04519|4120745728) Connected to MySQL server. (0x7fffe800a8f8)
[2015-07-16 19:57:05](04716|4160587584) Try to connect MySQL server... (0x73fc58)
[2015-07-16 19:57:05](04716|4160587584) Connected to MySQL server. (0x73fc58)
[2015-07-16 19:57:44](04716|4120745728) Try to connect MySQL server... (0x7fffe8001518)
[2015-07-16 19:57:44](04716|4120745728) Connected to MySQL server. (0x7fffe8001518)
[2015-07-16 19:59:13](04716|4120745728) Try to connect MySQL server... (0x7fffe800a808)
[2015-07-16 19:59:13](04716|4120745728) Connected to MySQL server. (0x7fffe800a808)
[2015-07-16 20:00:56](04716|4120745728) epoll_wait error.
[2015-07-16 20:01:27](04716|4120745728) Try to connect MySQL server... (0x7fffe80132a8)
[2015-07-16 20:01:27](04716|4120745728) Connected to MySQL server. (0x7fffe80132a8)
[2015-07-16 20:02:18](04854|4160587584) Try to connect MySQL server... (0x73fc58)
[2015-07-16 20:02:18](04854|4160587584) Connected to MySQL server. (0x73fc58)
[2015-07-16 20:02:54](04854|4120745728) epoll_wait error.
[2015-07-16 20:03:05](04854|4120745728) Try to connect MySQL server... (0x7fffe8001518)
[2015-07-16 20:03:05](04854|4120745728) Connected to MySQL server. (0x7fffe8001518)
[2015-07-16 20:03:42](04854|4120745728) Try to connect MySQL server... (0x7fffe800a8b8)
[2015-07-16 20:03:42](04854|4120745728) Connected to MySQL server. (0x7fffe800a8b8)
[2015-07-16 20:04:46](04854|4120745728) Try to connect MySQL server... (0x7fffe8017f18)
[2015-07-16 20:04:46](04854|4120745728) Connected to MySQL server. (0x7fffe8017f18)
[2015-07-16 20:04:47](04854|4120745728) Try to connect MySQL server... (0x7fffe8020928)
[2015-07-16 20:04:47](04854|4120745728) Connected to MySQL server. (0x7fffe8020928)
[2015-07-16 20:06:41](04854|4120745728) epoll_wait error.
[2015-07-16 20:06:45](04854|4120745728) Try to connect MySQL server... (0x7fffe802df28)
[2015-07-16 20:06:45](04854|4120745728) Connected to MySQL server. (0x7fffe802df28)
[2015-07-16 20:06:45](04854|4120745728) Try to connect MySQL server... (0x7fffe8036948)
[2015-07-16 20:06:45](04854|4120745728) Connected to MySQL server. (0x7fffe8036948)
[2015-07-16 20:08:09](04854|4120745728) Try to connect MySQL server... (0x7fffe8043f38)
[2015-07-16 20:08:09](04854|4120745728) Connected to MySQL server. (0x7fffe8043f38)
[2015-07-16 20:08:09](04854|4120745728) Try to connect MySQL server... (0x7fffe804c948)
[2015-07-16 20:08:09](04854|4120745728) Connected to MySQL server. (0x7fffe804c948)
[2015-07-16 20:09:23](04854|4120745728) Try to connect MySQL server... (0x7fffe8059f38)
[2015-07-16 20:09:23](04854|4120745728) Connected to MySQL server. (0x7fffe8059f38)
[2015-07-16 20:09:23](04854|4120745728) Try to connect MySQL server... (0x7fffe8062978)
[2015-07-16 20:09:23](04854|4120745728) Connected to MySQL server. (0x7fffe8062978)
[2015-07-16 20:12:59](05303|4160587584) Try to connect MySQL server... (0x73fc58)
[2015-07-16 20:12:59](05303|4160587584) Connected to MySQL server. (0x73fc58)
[2015-07-16 20:13:22](05303|4120745728) Try to connect MySQL server... (0x7fffe8001518)
[2015-07-16 20:13:22](05303|4120745728) Connected to MySQL server. (0x7fffe8001518)
[2015-07-16 20:13:22](05303|4120745728) Try to connect MySQL server... (0x7fffe800a8b8)
[2015-07-16 20:13:22](05303|4120745728) Connected to MySQL server. (0x7fffe800a8b8)
[2015-07-16 20:18:33](05303|4120745728) Try to connect MySQL server... (0x7fffe8018148)
[2015-07-16 20:18:33](05303|4120745728) Connected to MySQL server. (0x7fffe8018148)
[2015-07-16 20:18:33](05303|4120745728) Try to connect MySQL server... (0x7fffe8020918)
[2015-07-16 20:18:33](05303|4120745728) Connected to MySQL server. (0x7fffe8020918)
[2015-07-16 20:19:06](05303|4120745728) Try to connect MySQL server... (0x7fffe802e168)
[2015-07-16 20:19:06](05303|4120745728) Connected to MySQL server. (0x7fffe802e168)
[2015-07-16 20:39:18](05858|4160587584) Try to connect MySQL server... (0x740c58)
[2015-07-16 20:39:18](05858|4160587584) Connected to MySQL server. (0x740c58)
[2015-07-16 20:54:00](05858|4120745728) Try to connect MySQL server... (0x7fffe80012f8)
[2015-07-16 20:54:00](05858|4120745728) Connected to MySQL server. (0x7fffe80012f8)
[2015-07-16 20:55:17](05858|4120745728) Try to connect MySQL server... (0x7fffe800f048)
[2015-07-16 20:55:17](05858|4120745728) Connected to MySQL server. (0x7fffe800f048)
[2015-07-16 21:21:48](06347|4029437760) Try to connect MySQL server... (0x1cbeca8)
[2015-07-16 21:21:48](06347|4029437760) Connected to MySQL server. (0x1cbeca8)
[2015-07-16 21:25:44](06385|3427161920) Try to connect MySQL server... (0x1ed2ca8)
[2015-07-16 21:25:44](06385|3427161920) Connected to MySQL server. (0x1ed2ca8)
[2015-07-16 23:04:04](06955|4160587584) Try to connect MySQL server... (0x740c58)
[2015-07-16 23:04:04](06955|4160587584) Connected to MySQL server. (0x740c58)
[2015-07-16 23:04:43](06955|4120745728) Try to connect MySQL server... (0x7fffe80012f8)
[2015-07-16 23:04:43](06955|4120745728) Connected to MySQL server. (0x7fffe80012f8)
[2015-07-16 23:08:04](06955|4120745728) Try to connect MySQL server... (0x7fffe800f048)
[2015-07-16 23:08:04](06955|4120745728) Connected to MySQL server. (0x7fffe800f048)
[2015-07-16 23:08:41](06955|4120745728) Try to connect MySQL server... (0x7fffe801c8e8)
[2015-07-16 23:08:41](06955|4120745728) Connected to MySQL server. (0x7fffe801c8e8)
[2015-07-16 23:09:30](06955|4120745728) Try to connect MySQL server... (0x7fffe80256d8)
[2015-07-16 23:09:30](06955|4120745728) Connected to MySQL server. (0x7fffe80256d8)
[2015-07-16 23:14:32](06955|4120745728) Try to connect MySQL server... (0x7fffe8030e28)
[2015-07-16 23:14:32](06955|4120745728) Connected to MySQL server. (0x7fffe8030e28)
[2015-07-16 23:18:44](07198|4160587584) Try to connect MySQL server... (0x740c58)
[2015-07-16 23:18:44](07198|4160587584) Connected to MySQL server. (0x740c58)
[2015-07-16 23:19:15](07198|4120745728) Try to connect MySQL server... (0x7fffe80012f8)
[2015-07-16 23:19:15](07198|4120745728) Connected to MySQL server. (0x7fffe80012f8)
[2015-07-16 23:19:16](07198|4120745728) Try to connect MySQL server... (0x7fffe800ac98)
[2015-07-16 23:19:16](07198|4120745728) Connected to MySQL server. (0x7fffe800ac98)
[2015-07-16 23:19:16](07198|4120745728) Try to connect MySQL server... (0x7fffe8015fc8)
[2015-07-16 23:19:16](07198|4120745728) Connected to MySQL server. (0x7fffe8015fc8)
[2015-07-16 23:19:35](07198|4120745728) Try to connect MySQL server... (0x7fffe8023308)
[2015-07-16 23:19:35](07198|4120745728) Connected to MySQL server. (0x7fffe8023308)
[2015-07-16 23:19:35](07198|4120745728) Try to connect MySQL server... (0x7fffe8030628)
[2015-07-16 23:19:35](07198|4120745728) Connected to MySQL server. (0x7fffe8030628)
[2015-07-16 23:20:00](07198|4120745728) Try to connect MySQL server... (0x7fffe803de08)
[2015-07-16 23:20:00](07198|4120745728) Connected to MySQL server. (0x7fffe803de08)
[2015-07-16 23:20:00](07198|4120745728) Try to connect MySQL server... (0x7fffe804a7e8)
[2015-07-16 23:20:00](07198|4120745728) Connected to MySQL server. (0x7fffe804a7e8)
[2015-07-16 23:42:10](07768|4160587584) Try to connect MySQL server... (0x740c58)
[2015-07-16 23:42:10](07768|4160587584) Connected to MySQL server. (0x740c58)
[2015-07-16 23:42:59](07768|4120745728) Try to connect MySQL server... (0x7fffe80012f8)
[2015-07-16 23:42:59](07768|4120745728) Connected to MySQL server. (0x7fffe80012f8)
[2015-07-16 23:42:59](07768|4120745728) Try to connect MySQL server... (0x7fffe800ac98)
[2015-07-16 23:42:59](07768|4120745728) Connected to MySQL server. (0x7fffe800ac98)
[2015-07-16 23:42:59](07768|4120745728) Try to connect MySQL server... (0x7fffe8015fc8)
[2015-07-16 23:43:00](07768|4120745728) Connected to MySQL server. (0x7fffe8015fc8)
[2015-07-16 23:44:04](07768|4120745728) Try to connect MySQL server... (0x7fffe8023308)
[2015-07-16 23:44:04](07768|4120745728) Connected to MySQL server. (0x7fffe8023308)
[2015-07-16 23:44:05](07768|4120745728) Try to connect MySQL server... (0x7fffe802bf48)
[2015-07-16 23:44:05](07768|4120745728) Connected to MySQL server. (0x7fffe802bf48)
[2015-07-16 23:44:06](07768|4120745728) Try to connect MySQL server... (0x7fffe802cdd8)
[2015-07-16 23:44:06](07768|4120745728) Connected to MySQL server. (0x7fffe802cdd8)
[2015-07-16 23:44:16](07768|4120745728) Try to connect MySQL server... (0x7fffe8043d18)
[2015-07-16 23:44:16](07768|4120745728) Connected to MySQL server. (0x7fffe8043d18)
[2015-07-16 23:44:16](07768|4120745728) Try to connect MySQL server... (0x7fffe804d948)
[2015-07-16 23:44:16](07768|4120745728) Connected to MySQL server. (0x7fffe804d948)
[2015-07-16 23:44:32](07768|4120745728) Try to connect MySQL server... (0x7fffe805efa8)
[2015-07-16 23:44:32](07768|4120745728) Connected to MySQL server. (0x7fffe805efa8)
[2015-07-16 23:44:33](07768|4120745728) Try to connect MySQL server... (0x7fffe8067e48)
[2015-07-16 23:44:33](07768|4120745728) Connected to MySQL server. (0x7fffe8067e48)
[2015-07-16 23:44:33](07768|4120745728) Try to connect MySQL server... (0x7fffe8068cb8)
[2015-07-16 23:44:33](07768|4120745728) Connected to MySQL server. (0x7fffe8068cb8)
[2015-07-16 23:44:42](07768|4120745728) Try to connect MySQL server... (0x7fffe80804a8)
[2015-07-16 23:44:42](07768|4120745728) Connected to MySQL server. (0x7fffe80804a8)
[2015-07-16 23:44:42](07768|4120745728) Try to connect MySQL server... (0x7fffe808cf78)
[2015-07-16 23:44:42](07768|4120745728) Connected to MySQL server. (0x7fffe808cf78)
[2015-07-16 23:48:22](07768|4120745728) Try to connect MySQL server... (0x7fffe8097018)
[2015-07-16 23:48:22](07768|4120745728) Connected to MySQL server. (0x7fffe8097018)
[2015-07-16 23:48:22](07768|4120745728) Try to connect MySQL server... (0x7fffe80a82a8)
[2015-07-16 23:48:22](07768|4120745728) Connected to MySQL server. (0x7fffe80a82a8)
[2015-07-16 23:48:45](07768|4120745728) Try to connect MySQL server... (0x7fffe80b5a38)
[2015-07-16 23:48:45](07768|4120745728) Connected to MySQL server. (0x7fffe80b5a38)
[2015-07-16 23:48:49](07768|4120745728) Try to connect MySQL server... (0x7fffe80be648)
[2015-07-16 23:48:49](07768|4120745728) Connected to MySQL server. (0x7fffe80be648)
[2015-07-16 23:48:49](07768|4120745728) Try to connect MySQL server... (0x7fffe80bf4b8)
[2015-07-16 23:48:49](07768|4120745728) Connected to MySQL server. (0x7fffe80bf4b8)
[2015-07-17 00:22:03](07768|4120745728) Try to connect MySQL server... (0x7fffe80d6398)
[2015-07-17 00:22:03](07768|4120745728) Connected to MySQL server. (0x7fffe80d6398)
[2015-07-17 00:22:43](07768|4120745728) Try to connect MySQL server... (0x7fffe80e0218)
[2015-07-17 00:22:43](07768|4120745728) Connected to MySQL server. (0x7fffe80e0218)
[2015-07-17 00:22:44](07768|4120745728) Try to connect MySQL server... (0x7fffe80ecfe8)
[2015-07-17 00:22:44](07768|4120745728) Connected to MySQL server. (0x7fffe80ecfe8)
[2015-07-17 00:22:44](07768|4120745728) Try to connect MySQL server... (0x7fffe80edf48)
[2015-07-17 00:22:44](07768|4120745728) Connected to MySQL server. (0x7fffe80edf48)
[2015-07-17 00:22:56](07768|4120745728) Try to connect MySQL server... (0x7fffe8104d88)
[2015-07-17 00:22:56](07768|4120745728) Connected to MySQL server. (0x7fffe8104d88)
[2015-07-17 00:31:24](08306|4160587584) Try to connect MySQL server... (0x740c58)
[2015-07-17 00:31:24](08306|4160587584) Connected to MySQL server. (0x740c58)
[2015-07-17 00:31:47](08306|4120745728) Try to connect MySQL server... (0x7fffe80012f8)
[2015-07-17 00:31:48](08306|4120745728) Connected to MySQL server. (0x7fffe80012f8)
[2015-07-17 00:31:48](08306|4120745728) Try to connect MySQL server... (0x7fffe800f048)
[2015-07-17 00:31:48](08306|4120745728) Connected to MySQL server. (0x7fffe800f048)
[2015-07-17 01:26:22](08306|4120745728) Try to connect MySQL server... (0x7fffe801cb18)
[2015-07-17 01:26:22](08306|4120745728) Connected to MySQL server. (0x7fffe801cb18)
[2015-07-17 01:26:22](08306|4120745728) Try to connect MySQL server... (0x7fffe8029e28)
[2015-07-17 01:26:22](08306|4120745728) Connected to MySQL server. (0x7fffe8029e28)
[2015-07-17 01:27:48](08306|4120745728) Try to connect MySQL server... (0x7fffe8036c88)
[2015-07-17 01:27:48](08306|4120745728) Connected to MySQL server. (0x7fffe8036c88)
[2015-07-17 01:27:48](08306|4120745728) Try to connect MySQL server... (0x7fffe8044848)
[2015-07-17 01:27:48](08306|4120745728) Connected to MySQL server. (0x7fffe8044848)
[2015-07-17 02:40:27](08306|4120745728) Try to connect MySQL server... (0x7fffe8051f88)
[2015-07-17 02:40:27](08306|4120745728) Connected to MySQL server. (0x7fffe8051f88)
[2015-07-17 02:40:34](08306|4120745728) Try to connect MySQL server... (0x7fffe805abe8)
[2015-07-17 02:40:34](08306|4120745728) Connected to MySQL server. (0x7fffe805abe8)
[2015-07-17 02:40:34](08306|4120745728) Try to connect MySQL server... (0x7fffe805ba58)
[2015-07-17 02:40:34](08306|4120745728) Connected to MySQL server. (0x7fffe805ba58)
[2015-07-17 02:41:01](08306|4120745728) Try to connect MySQL server... (0x7fffe8073468)
[2015-07-17 02:41:01](08306|4120745728) Connected to MySQL server. (0x7fffe8073468)
[2015-07-17 02:41:01](08306|4120745728) Try to connect MySQL server... (0x7fffe8080758)
[2015-07-17 02:41:01](08306|4120745728) Connected to MySQL server. (0x7fffe8080758)
[2015-07-17 02:41:41](08306|4120745728) Try to connect MySQL server... (0x7fffe808df28)
[2015-07-17 02:41:41](08306|4120745728) Connected to MySQL server. (0x7fffe808df28)
[2015-07-17 02:47:09](08306|4120745728) Try to connect MySQL server... (0x7fffe8096ad8)
[2015-07-17 02:47:09](08306|4120745728) Connected to MySQL server. (0x7fffe8096ad8)
[2015-07-17 02:47:26](08306|4120745728) Try to connect MySQL server... (0x7fffe8097e58)
[2015-07-17 02:47:26](08306|4120745728) Connected to MySQL server. (0x7fffe8097e58)
[2015-07-17 02:47:26](08306|4120745728) Try to connect MySQL server... (0x7fffe80a2c38)
[2015-07-17 02:47:26](08306|4120745728) Connected to MySQL server. (0x7fffe80a2c38)
[2015-07-17 02:51:33](08306|4120745728) Try to connect MySQL server... (0x7fffe80ba678)
[2015-07-17 02:51:33](08306|4120745728) Connected to MySQL server. (0x7fffe80ba678)
[2015-07-17 02:51:33](08306|4120745728) Try to connect MySQL server... (0x7fffe80c7778)
[2015-07-17 02:51:33](08306|4120745728) Connected to MySQL server. (0x7fffe80c7778)
[2015-07-17 03:03:30](09594|4160587584) Try to connect MySQL server... (0x740c58)
[2015-07-17 03:03:30](09594|4160587584) Connected to MySQL server. (0x740c58)
[2015-07-17 03:03:52](09594|4120745728) Try to connect MySQL server... (0x7fffe80012f8)
[2015-07-17 03:03:52](09594|4120745728) Connected to MySQL server. (0x7fffe80012f8)
[2015-07-17 03:03:54](09594|4120745728) Try to connect MySQL server... (0x7fffe800ac98)
[2015-07-17 03:03:54](09594|4120745728) Connected to MySQL server. (0x7fffe800ac98)
[2015-07-17 03:03:54](09594|4120745728) Try to connect MySQL server... (0x7fffe8015fc8)
[2015-07-17 03:03:54](09594|4120745728) Connected to MySQL server. (0x7fffe8015fc8)
