[2015-07-09 01:39:26](06057|4160591680) echo_server started.
[2015-07-09 01:39:54](06057|4133230336) onTcpConnected (192.168.140.1:12695) (ConnCount: 1)
[2015-07-09 01:39:54](06057|4133230336) onTcpSendComplete
[2015-07-09 01:39:54](06057|4133230336) onTcpRecvComplete
[2015-07-09 02:02:30](06617|4160591680) echo_server started.
[2015-07-09 02:02:33](06617|4133230336) onTcpConnected (192.168.140.1:12743) (ConnCount: 1)
[2015-07-09 02:02:33](06617|4133230336) onTcpSendComplete
[2015-07-09 02:02:38](06617|4133230336) onTcpRecvComplete
[2015-07-09 18:38:02](02765|4160591680) echo_server started.
[2015-07-09 18:38:21](02765|4133230336) onTcpConnected (192.168.140.1:1252) (ConnCount: 1)
[2015-07-09 18:38:21](02765|4133230336) onTcpSendComplete
[2015-07-09 18:38:21](02765|4133230336) onTcpRecvComplete
[2015-07-09 18:39:27](02765|4133230336) Received message: E
[2015-07-09 18:39:27](02765|4133230336) ERROR: Assertion failed: bytes <= getReadableBytes() (/home/ll/baoluo/ise/ise/main/ise_server_tcp.cpp:163)
[2015-07-09 18:39:27](02765|4133230336) ERROR: Assertion failed: bytes <= getReadableBytes() (/home/ll/baoluo/ise/ise/main/ise_server_tcp.cpp:163)
[2015-07-09 18:39:27](02765|4133230336) onTcpSendComplete
[2015-07-09 18:39:27](02765|4133230336) onTcpRecvComplete
[2015-07-09 18:42:11](02765|4133230336) Received message: E
[2015-07-09 18:42:11](02765|4133230336) ERROR: Assertion failed: bytes <= getReadableBytes() (/home/ll/baoluo/ise/ise/main/ise_server_tcp.cpp:163)
[2015-07-09 18:42:11](02765|4133230336) ERROR: Assertion failed: bytes <= getReadableBytes() (/home/ll/baoluo/ise/ise/main/ise_server_tcp.cpp:163)
[2015-07-09 18:42:11](02765|4133230336) onTcpSendComplete
[2015-07-09 18:42:11](02765|4133230336) onTcpRecvComplete
[2015-07-09 18:53:03](03096|4160591680) echo_server started.
[2015-07-09 18:53:08](03096|4133230336) onTcpConnected (192.168.140.1:1360) (ConnCount: 1)
[2015-07-09 18:53:08](03096|4133230336) onTcpSendComplete
[2015-07-09 18:53:08](03096|4133230336) onTcpRecvComplete
[2015-07-09 18:56:32](03096|4133230336) Received message: E
[2015-07-09 18:56:32](03096|4133230336) ERROR: Assertion failed: bytes <= getReadableBytes() (/home/ll/baoluo/ise/ise/main/ise_server_tcp.cpp:163)
[2015-07-09 18:56:32](03096|4133230336) ERROR: Assertion failed: bytes <= getReadableBytes() (/home/ll/baoluo/ise/ise/main/ise_server_tcp.cpp:163)
[2015-07-09 18:56:32](03096|4133230336) onTcpDisconnected (192.168.140.129:10000-192.168.140.1:1360#0)
[2015-07-09 19:03:03](03272|4160591680) echo_server started.
[2015-07-09 19:03:08](03272|4133230336) onTcpConnected (192.168.140.1:1417) (ConnCount: 1)
[2015-07-09 19:03:08](03272|4133230336) onTcpSendComplete
[2015-07-09 19:03:08](03272|4133230336) onTcpRecvComplete
[2015-07-10 23:57:07](06964|4160587584) Try to connect MySQL server... (0x74f168)
[2015-07-10 23:57:17](06964|4160587584) Connected to MySQL server. (0x74f168)
[2015-07-10 23:57:30](06964|4120745728) epoll_wait error.
[2015-07-10 23:57:30](06964|4120745728) epoll_wait error.
[2015-07-10 23:57:30](06964|4120745728) epoll_wait error.
[2015-07-10 23:57:30](06964|4120745728) epoll_wait error.
[2015-07-10 23:57:30](06964|4120745728) epoll_wait error.
[2015-07-10 23:57:30](06964|4120745728) epoll_wait error.
[2015-07-10 23:57:30](06964|4120745728) epoll_wait error.
[2015-07-10 23:57:30](06964|4120745728) epoll_wait error.
[2015-07-10 23:57:30](06964|4120745728) epoll_wait error.
[2015-07-10 23:57:30](06964|4120745728) epoll_wait error.
[2015-07-10 23:57:30](06964|4160587584) echo_server started.
[2015-07-10 23:57:34](06964|4120745728) epoll_wait error.
[2015-07-11 00:18:37](07432|4160587584) Try to connect MySQL server... (0x74f198)
[2015-07-11 00:18:37](07432|4160587584) Connected to MySQL server. (0x74f198)
[2015-07-11 00:18:37](07432|4160587584) echo_server started.
[2015-07-11 00:18:45](07432|4120745728) onTcpConnected (192.168.140.1:6824) (ConnCount: 1)
[2015-07-11 00:18:45](07432|4120745728) onTcpSendComplete
[2015-07-11 00:18:45](07432|4120745728) onTcpRecvComplete
[2015-07-11 00:20:04](07432|4120745728) Received message: {
	"type":	"10005",
	"data":	{
		"account":	"5",
		"role":	"1"
	}
}
[2015-07-11 00:20:06](07432|4120745728) onTcpDisconnected (192.168.140.129:10000-192.168.140.1:6824#0)
[2015-07-11 00:20:22](07432|4120745728) onTcpConnected (192.168.140.1:6831) (ConnCount: 1)
[2015-07-11 00:20:22](07432|4120745728) onTcpSendComplete
[2015-07-11 00:20:22](07432|4120745728) onTcpRecvComplete
[2015-07-11 00:20:43](07432|4120745728) Received message: {
	"type":	"10004",
	"data":	{
		"account":	"5",
		"role":	"1"
	}
}
[2015-07-11 00:20:45](07432|4120745728) onTcpDisconnected (192.168.140.129:10000-192.168.140.1:6831#1)
[2015-07-11 00:20:52](07432|4120745728) onTcpConnected (192.168.140.1:6833) (ConnCount: 1)
[2015-07-11 00:20:52](07432|4120745728) onTcpSendComplete
[2015-07-11 00:20:52](07432|4120745728) onTcpRecvComplete
[2015-07-11 00:21:55](07432|4120745728) Try to connect MySQL server... (0x7fffe8001578)
[2015-07-11 00:21:55](07432|4120745728) Connected to MySQL server. (0x7fffe8001578)
[2015-07-11 00:21:55](07432|4120745728) ERROR: insert into bl_user (account,role) values (5,1) SELECT @@IDENTITY AS uid ; Error: You have an error in your SQL syntax; check the manual that corresponds to your MySQL server version for the right syntax to use near 'SELECT @@IDENTITY AS uid' at line 1
[2015-07-11 00:24:20](07469|4160587584) Try to connect MySQL server... (0x74f198)
[2015-07-11 00:24:20](07469|4160587584) Connected to MySQL server. (0x74f198)
[2015-07-11 00:24:20](07469|4160587584) echo_server started.
[2015-07-11 00:24:26](07469|4120745728) onTcpConnected (192.168.140.1:6844) (ConnCount: 1)
[2015-07-11 00:24:26](07469|4120745728) onTcpSendComplete
[2015-07-11 00:24:26](07469|4120745728) onTcpRecvComplete
[2015-07-11 00:24:34](07469|4120745728) Try to connect MySQL server... (0x7fffe8001408)
[2015-07-11 00:24:34](07469|4120745728) Connected to MySQL server. (0x7fffe8001408)
[2015-07-11 01:05:16](07916|4160587584) Try to connect MySQL server... (0x74f198)
[2015-07-11 01:05:16](07916|4160587584) Connected to MySQL server. (0x74f198)
[2015-07-11 01:05:16](07916|4160587584) echo_server started.
[2015-07-11 01:05:21](07916|4120745728) onTcpConnected (192.168.140.1:7769) (ConnCount: 1)
[2015-07-11 01:05:21](07916|4120745728) onTcpSendComplete
[2015-07-11 01:05:21](07916|4120745728) onTcpRecvComplete
[2015-07-11 01:07:04](08003|4160587584) Try to connect MySQL server... (0x74f198)
[2015-07-11 01:07:04](08003|4160587584) Connected to MySQL server. (0x74f198)
[2015-07-11 01:07:04](08003|4160587584) echo_server started.
[2015-07-11 01:07:08](08003|4120745728) onTcpConnected (192.168.140.1:7773) (ConnCount: 1)
[2015-07-11 01:07:08](08003|4120745728) onTcpSendComplete
[2015-07-11 01:07:08](08003|4120745728) onTcpRecvComplete
[2015-07-11 01:07:22](08003|4120745728) Try to connect MySQL server... (0x7fffe8001398)
[2015-07-11 01:07:22](08003|4120745728) Connected to MySQL server. (0x7fffe8001398)
[2015-07-11 01:08:14](08003|4120745728) ERROR: insert into bl_user (account,role) values (12,1); SELECT @@IDENTITY AS uid ; Error: You have an error in your SQL syntax; check the manual that corresponds to your MySQL server version for the right syntax to use near 'SELECT @@IDENTITY AS uid' at line 1
[2015-07-11 01:17:43](08230|4160587584) Try to connect MySQL server... (0x74f198)
[2015-07-11 01:17:43](08230|4160587584) Connected to MySQL server. (0x74f198)
[2015-07-11 01:17:43](08230|4160587584) echo_server started.
[2015-07-11 01:17:50](08230|4120745728) onTcpConnected (192.168.140.1:7851) (ConnCount: 1)
[2015-07-11 01:17:50](08230|4120745728) onTcpSendComplete
[2015-07-11 01:17:50](08230|4120745728) onTcpRecvComplete
[2015-07-11 01:17:58](08230|4120745728) Try to connect MySQL server... (0x7fffe8001398)
[2015-07-11 01:17:58](08230|4120745728) Connected to MySQL server. (0x7fffe8001398)
[2015-07-11 01:19:00](08230|4120745728) Received message: {
	"type":	"1004",
	"data":	{
		"account":	"13",
		"role":	"1"
	}
}
[2015-07-11 01:19:00](08230|4120745728) onTcpSendComplete
[2015-07-11 01:19:19](08243|4160587584) Try to connect MySQL server... (0x74f198)
[2015-07-11 01:19:19](08243|4160587584) Connected to MySQL server. (0x74f198)
[2015-07-11 01:19:19](08243|4160587584) echo_server started.
[2015-07-11 01:19:44](08243|4120745728) onTcpConnected (192.168.140.1:7857) (ConnCount: 1)
[2015-07-11 01:19:44](08243|4120745728) onTcpSendComplete
[2015-07-11 01:19:44](08243|4120745728) onTcpRecvComplete
[2015-07-11 01:19:47](08243|4120745728) Try to connect MySQL server... (0x7fffe8001398)
[2015-07-11 01:19:47](08243|4120745728) Connected to MySQL server. (0x7fffe8001398)
[2015-07-11 01:19:57](08243|4120745728) Received message: {
	"type":	"1004",
	"data":	{
		"account":	"13",
		"role":	"1"
	}
}
[2015-07-11 01:19:57](08243|4120745728) onTcpSendComplete
[2015-07-11 01:20:00](08243|4120745728) onTcpRecvComplete
[2015-07-11 01:20:03](08243|4120745728) Try to connect MySQL server... (0x7fffe800e2c8)
[2015-07-11 01:20:03](08243|4120745728) Connected to MySQL server. (0x7fffe800e2c8)
[2015-07-11 01:20:03](08243|4120745728) Received message: {
	"type":	"1004",
	"data":	{
		"account":	"13",
		"role":	"1"
	}
}
[2015-07-11 01:20:03](08243|4120745728) onTcpDisconnected (192.168.140.129:10000-192.168.140.1:7857#0)
[2015-07-11 01:20:14](08243|4120745728) onTcpConnected (192.168.140.1:7861) (ConnCount: 1)
[2015-07-11 01:20:14](08243|4120745728) onTcpSendComplete
[2015-07-11 01:20:14](08243|4120745728) onTcpRecvComplete
[2015-07-11 01:20:20](08243|4120745728) Try to connect MySQL server... (0x7fffe801b328)
[2015-07-11 01:20:20](08243|4120745728) Connected to MySQL server. (0x7fffe801b328)
[2015-07-11 01:25:02](08243|4120745728) Received message: {
	"type":	"1004",
	"data":	{
		"account":	"14",
		"role":	"1"
	}
}
[2015-07-11 01:25:02](08243|4120745728) onTcpSendComplete
[2015-07-11 01:28:01](08395|4160587584) Try to connect MySQL server... (0x74f198)
[2015-07-11 01:28:01](08395|4160587584) Connected to MySQL server. (0x74f198)
[2015-07-11 01:28:01](08395|4160587584) echo_server started.
[2015-07-11 01:28:10](08395|4120745728) onTcpConnected (192.168.140.1:7889) (ConnCount: 1)
[2015-07-11 01:28:10](08395|4120745728) onTcpSendComplete
[2015-07-11 01:28:10](08395|4120745728) onTcpRecvComplete
[2015-07-11 01:28:10](08395|4120745728) Try to connect MySQL server... (0x7fffe8001398)
[2015-07-11 01:28:10](08395|4120745728) Connected to MySQL server. (0x7fffe8001398)
[2015-07-13 20:10:46](35957|4160591680) echo_server started.
[2015-07-13 20:13:24](35957|4133230336) onTcpConnected (192.168.140.1:2600) (ConnCount: 1)
[2015-07-13 20:13:24](35957|4133230336) onTcpSendComplete
[2015-07-13 20:13:24](35957|4133230336) onTcpRecvComplete
[2015-07-13 20:14:44](35957|4133230336) ERROR: Event loop not specified.
[2015-07-13 20:14:54](35957|4133230336) onTcpRecvComplete
[2015-07-13 20:34:53](36326|4160591680) echo_server started.
[2015-07-13 20:34:56](36326|4133230336) onTcpConnected (192.168.140.1:2769) (ConnCount: 1)
[2015-07-13 20:34:56](36326|4133230336) onTcpSendComplete
[2015-07-13 20:34:56](36326|4133230336) onTcpRecvComplete
[2015-07-13 20:35:24](36326|4133230336) Received message: {
	"type":	"1004",
	"data":	{
		"account":	"17",
		"role":	"1"
	}
}
[2015-07-13 20:35:24](36326|4133230336) onTcpSendComplete
[2015-07-13 23:42:06](37818|4160591680) echo_server started.
[2015-07-13 23:43:11](37818|4133230336) onTcpConnected (192.168.140.1:11328) (ConnCount: 1)
[2015-07-13 23:43:11](37818|4133230336) onTcpSendComplete
[2015-07-13 23:43:11](37818|4133230336) onTcpRecvComplete
[2015-07-13 23:46:14](37818|4133230336) onTcpDisconnected (192.168.140.129:10000-192.168.140.1:11328#0)
[2015-07-14 00:06:12](38516|4160591680) echo_server started.
[2015-07-14 00:06:48](38516|4133230336) epoll_wait error.
[2015-07-14 00:07:20](38516|4133230336) onTcpConnected (192.168.140.1:11696) (ConnCount: 1)
[2015-07-14 00:07:20](38516|4133230336) onTcpSendComplete
[2015-07-14 00:07:20](38516|4133230336) onTcpRecvComplete
[2015-07-14 00:10:00](38516|4133230336) epoll_wait error.
[2015-07-14 00:10:00](38516|4133230336) epoll_wait error.
[2015-07-14 00:10:00](38516|4133230336) epoll_wait error.
[2015-07-14 00:10:00](38516|4133230336) epoll_wait error.
[2015-07-14 00:10:00](38516|4133230336) epoll_wait error.
[2015-07-14 00:10:00](38516|4133230336) epoll_wait error.
[2015-07-14 00:10:00](38516|4133230336) epoll_wait error.
[2015-07-14 00:10:02](38516|4133230336) epoll_wait error.
[2015-07-14 00:10:02](38516|4133230336) epoll_wait error.
[2015-07-14 00:10:02](38516|4133230336) epoll_wait error.
[2015-07-14 00:10:02](38516|4133230336) epoll_wait error.
[2015-07-14 00:10:02](38516|4133230336) epoll_wait error.
[2015-07-14 00:10:02](38516|4133230336) epoll_wait error.
[2015-07-14 00:10:02](38516|4133230336) epoll_wait error.
[2015-07-14 00:10:02](38516|4133230336) epoll_wait error.
[2015-07-14 00:10:02](38516|4133230336) epoll_wait error.
[2015-07-14 00:10:08](38516|4133230336) epoll_wait error.
[2015-07-14 00:10:08](38516|4133230336) epoll_wait error.
[2015-07-14 00:10:08](38516|4133230336) epoll_wait error.
[2015-07-14 00:10:11](38516|4133230336) epoll_wait error.
[2015-07-14 00:10:11](38516|4133230336) epoll_wait error.
[2015-07-14 00:10:11](38516|4133230336) epoll_wait error.
[2015-07-14 00:10:11](38516|4133230336) epoll_wait error.
[2015-07-14 00:10:11](38516|4133230336) epoll_wait error.
[2015-07-14 00:10:11](38516|4133230336) epoll_wait error.
[2015-07-14 00:10:11](38516|4133230336) epoll_wait error.
[2015-07-14 00:10:11](38516|4133230336) epoll_wait error.
[2015-07-14 00:10:11](38516|4133230336) epoll_wait error.
[2015-07-14 00:10:11](38516|4133230336) epoll_wait error.
[2015-07-14 00:10:12](38516|4133230336) epoll_wait error.
[2015-07-14 00:10:12](38516|4133230336) epoll_wait error.
[2015-07-14 00:10:12](38516|4133230336) epoll_wait error.
[2015-07-14 00:10:17](38516|4133230336) epoll_wait error.
[2015-07-14 00:10:17](38516|4133230336) epoll_wait error.
[2015-07-14 00:10:17](38516|4133230336) epoll_wait error.
[2015-07-14 00:10:17](38516|4133230336) epoll_wait error.
[2015-07-14 02:47:07](40345|4160591680) echo_server started.
[2015-07-14 02:47:40](40345|4133230336) onTcpConnected (192.168.140.1:15037) (ConnCount: 1)
[2015-07-14 02:47:40](40345|4133230336) onTcpSendComplete
[2015-07-14 02:47:40](40345|4133230336) onTcpRecvComplete
[2015-07-14 02:51:12](40451|4160591680) echo_server started.
[2015-07-14 02:51:16](40451|4133230336) onTcpConnected (192.168.140.1:15054) (ConnCount: 1)
[2015-07-14 02:53:02](40552|4160591680) echo_server started.
[2015-07-14 02:53:05](40552|4133230336) onTcpConnected (192.168.140.1:15061) (ConnCount: 1)
[2015-07-14 02:58:43](40584|4160591680) echo_server started.
[2015-07-14 02:58:49](40584|4133230336) onTcpConnected (192.168.140.1:15094) (ConnCount: 1)
[2015-07-14 02:58:52](40584|4133230336) onTcpDisconnected (192.168.140.129:10000-192.168.140.1:15094#0)
[2015-07-14 02:58:59](40584|4133230336) onTcpConnected (192.168.140.1:15095) (ConnCount: 1)
[2015-07-14 02:59:01](40584|4133230336) onTcpDisconnected (192.168.140.129:10000-192.168.140.1:15095#1)
[2015-07-14 03:00:07](40584|4133230336) onTcpConnected (192.168.140.1:15100) (ConnCount: 1)
[2015-07-14 03:00:39](40584|4133230336) onTcpDisconnected (192.168.140.129:10000-192.168.140.1:15100#2)
[2015-07-14 03:03:12](40692|4160591680) echo_server started.
[2015-07-14 03:03:17](40692|4133230336) onTcpConnected (192.168.140.1:15108) (ConnCount: 1)
[2015-07-14 03:03:17](40692|4133230336) onTcpRecvComplete
[2015-07-14 03:06:30](40722|4160591680) echo_server started.
[2015-07-14 03:06:33](40722|4133230336) onTcpConnected (192.168.140.1:15128) (ConnCount: 1)
[2015-07-14 03:06:51](40722|4133230336) onTcpRecvComplete
[2015-07-14 19:26:24](43990|4160591680) echo_server started.
[2015-07-14 19:26:37](43990|4133230336) onTcpConnected (192.168.140.1:2491) (ConnCount: 1)
[2015-07-14 19:28:12](43990|4133230336) onTcpRecvComplete
[2015-07-14 19:34:36](44037|4133230336) epoll_wait error.
[2015-07-14 19:34:36](44037|4160591680) echo_server started.
[2015-07-14 19:34:44](44037|4133230336) onTcpConnected (192.168.140.1:2709) (ConnCount: 1)
[2015-07-14 19:34:44](44037|4133230336) onTcpRecvComplete
[2015-07-14 19:39:19](44089|4160591680) echo_server started.
[2015-07-14 19:39:22](44089|4133230336) epoll_wait error.
[2015-07-14 19:39:27](44089|4133230336) onTcpConnected (192.168.140.1:2723) (ConnCount: 1)
[2015-07-14 19:39:27](44089|4133230336) onTcpRecvComplete
[2015-07-14 19:41:02](44089|4133230336) epoll_wait error.
[2015-07-14 19:41:02](44089|4133230336) epoll_wait error.
[2015-07-14 19:41:02](44089|4133230336) epoll_wait error.
[2015-07-14 19:41:02](44089|4133230336) epoll_wait error.
[2015-07-14 19:41:02](44089|4133230336) epoll_wait error.
[2015-07-14 19:41:02](44089|4133230336) epoll_wait error.
[2015-07-14 19:41:09](44089|4133230336) epoll_wait error.
[2015-07-14 19:41:09](44089|4133230336) epoll_wait error.
[2015-07-14 19:41:09](44089|4133230336) epoll_wait error.
[2015-07-14 19:41:09](44089|4133230336) epoll_wait error.
[2015-07-14 19:41:09](44089|4133230336) epoll_wait error.
[2015-07-14 19:41:09](44089|4133230336) epoll_wait error.
[2015-07-14 19:41:09](44089|4133230336) epoll_wait error.
[2015-07-14 19:41:09](44089|4133230336) epoll_wait error.
[2015-07-14 19:41:09](44089|4133230336) epoll_wait error.
[2015-07-14 19:41:19](44089|4133230336) epoll_wait error.
[2015-07-14 19:41:19](44089|4133230336) epoll_wait error.
[2015-07-14 19:41:19](44089|4133230336) epoll_wait error.
[2015-07-14 19:41:20](44089|4133230336) epoll_wait error.
[2015-07-14 19:41:20](44089|4133230336) epoll_wait error.
[2015-07-14 19:41:20](44089|4133230336) epoll_wait error.
[2015-07-14 19:41:20](44089|4133230336) epoll_wait error.
[2015-07-14 19:41:20](44089|4133230336) epoll_wait error.
[2015-07-14 19:41:20](44089|4133230336) epoll_wait error.
[2015-07-14 19:41:20](44089|4133230336) epoll_wait error.
[2015-07-14 19:41:20](44089|4133230336) epoll_wait error.
[2015-07-14 19:41:20](44089|4133230336) epoll_wait error.
[2015-07-14 19:41:21](44089|4133230336) epoll_wait error.
[2015-07-14 19:41:26](44089|4133230336) epoll_wait error.
[2015-07-14 19:41:26](44089|4133230336) epoll_wait error.
[2015-07-14 19:41:26](44089|4133230336) epoll_wait error.
[2015-07-14 19:46:02](44147|4133230336) epoll_wait error.
[2015-07-14 19:46:02](44147|4133230336) epoll_wait error.
[2015-07-14 19:46:02](44147|4133230336) epoll_wait error.
[2015-07-14 19:46:02](44147|4160591680) echo_server started.
[2015-07-14 19:46:02](44147|4133230336) epoll_wait error.
[2015-07-14 19:46:02](44147|4133230336) epoll_wait error.
[2015-07-14 19:46:02](44147|4133230336) epoll_wait error.
[2015-07-14 19:46:02](44147|4133230336) epoll_wait error.
[2015-07-14 19:46:02](44147|4133230336) epoll_wait error.
[2015-07-14 19:46:02](44147|4133230336) epoll_wait error.
[2015-07-14 19:46:02](44147|4133230336) epoll_wait error.
[2015-07-14 19:46:02](44147|4133230336) epoll_wait error.
[2015-07-14 19:46:08](44147|4133230336) epoll_wait error.
[2015-07-14 19:46:08](44147|4133230336) epoll_wait error.
[2015-07-14 19:46:08](44147|4133230336) epoll_wait error.
[2015-07-14 19:46:08](44147|4133230336) epoll_wait error.
[2015-07-14 19:46:08](44147|4133230336) epoll_wait error.
[2015-07-14 19:46:08](44147|4133230336) epoll_wait error.
[2015-07-14 19:46:08](44147|4133230336) epoll_wait error.
[2015-07-14 19:46:08](44147|4133230336) epoll_wait error.
[2015-07-14 19:46:08](44147|4133230336) epoll_wait error.
[2015-07-14 19:46:20](44147|4133230336) epoll_wait error.
[2015-07-14 19:46:20](44147|4133230336) epoll_wait error.
[2015-07-14 19:46:20](44147|4133230336) epoll_wait error.
[2015-07-14 19:46:23](44147|4133230336) epoll_wait error.
[2015-07-14 19:46:23](44147|4133230336) epoll_wait error.
[2015-07-14 19:46:23](44147|4133230336) epoll_wait error.
[2015-07-14 19:46:23](44147|4133230336) epoll_wait error.
[2015-07-14 19:46:23](44147|4133230336) epoll_wait error.
[2015-07-14 19:46:23](44147|4133230336) epoll_wait error.
[2015-07-14 19:46:23](44147|4133230336) epoll_wait error.
[2015-07-14 19:46:23](44147|4133230336) epoll_wait error.
[2015-07-14 19:46:23](44147|4133230336) epoll_wait error.
[2015-07-14 19:46:27](44147|4133230336) epoll_wait error.
[2015-07-14 19:46:29](44147|4133230336) epoll_wait error.
[2015-07-14 19:46:29](44147|4133230336) epoll_wait error.
[2015-07-14 19:46:29](44147|4133230336) epoll_wait error.
[2015-07-14 19:46:40](44147|4133230336) epoll_wait error.
[2015-07-14 19:46:40](44147|4133230336) epoll_wait error.
[2015-07-14 19:46:40](44147|4133230336) epoll_wait error.
[2015-07-14 19:46:40](44147|4133230336) epoll_wait error.
[2015-07-14 19:46:43](44147|4133230336) epoll_wait error.
[2015-07-14 19:46:43](44147|4133230336) epoll_wait error.
[2015-07-14 19:48:57](44302|4160591680) echo_server started.
[2015-07-14 19:49:21](44302|4133230336) onTcpConnected (192.168.140.1:2748) (ConnCount: 1)
[2015-07-14 19:49:21](44302|4133230336) onTcpRecvComplete
[2015-07-14 19:49:35](44302|4133230336) epoll_wait error.
[2015-07-14 19:49:35](44302|4133230336) epoll_wait error.
[2015-07-14 19:49:35](44302|4133230336) epoll_wait error.
[2015-07-14 19:49:35](44302|4133230336) epoll_wait error.
[2015-07-14 19:49:35](44302|4133230336) epoll_wait error.
[2015-07-14 19:49:35](44302|4133230336) epoll_wait error.
[2015-07-14 19:49:35](44302|4133230336) epoll_wait error.
[2015-07-14 19:49:35](44302|4133230336) epoll_wait error.
[2015-07-14 19:49:35](44302|4133230336) epoll_wait error.
[2015-07-14 19:49:35](44302|4133230336) epoll_wait error.
[2015-07-14 19:49:35](44302|4133230336) epoll_wait error.
[2015-07-14 19:49:37](44302|4133230336) epoll_wait error.
[2015-07-14 19:49:37](44302|4133230336) epoll_wait error.
[2015-07-14 19:49:37](44302|4133230336) epoll_wait error.
[2015-07-14 19:49:37](44302|4133230336) epoll_wait error.
[2015-07-14 19:49:43](44302|4133230336) epoll_wait error.
[2015-07-14 19:49:43](44302|4133230336) epoll_wait error.
[2015-07-14 19:49:43](44302|4133230336) epoll_wait error.
[2015-07-14 19:49:45](44302|4133230336) epoll_wait error.
[2015-07-14 19:49:45](44302|4133230336) epoll_wait error.
[2015-07-14 19:49:51](44302|4133230336) epoll_wait error.
[2015-07-14 19:49:51](44302|4133230336) epoll_wait error.
[2015-07-14 19:49:51](44302|4133230336) epoll_wait error.
[2015-07-14 19:50:08](44302|4133230336) epoll_wait error.
[2015-07-14 19:50:08](44302|4133230336) epoll_wait error.
[2015-07-14 19:50:08](44302|4133230336) epoll_wait error.
[2015-07-14 19:50:08](44302|4133230336) epoll_wait error.
[2015-07-14 19:50:08](44302|4133230336) epoll_wait error.
[2015-07-14 19:50:08](44302|4133230336) epoll_wait error.
[2015-07-14 19:50:08](44302|4133230336) epoll_wait error.
[2015-07-14 19:50:08](44302|4133230336) epoll_wait error.
[2015-07-14 19:50:08](44302|4133230336) epoll_wait error.
[2015-07-14 19:50:08](44302|4133230336) epoll_wait error.
[2015-07-14 19:50:08](44302|4133230336) epoll_wait error.
[2015-07-14 19:50:08](44302|4133230336) epoll_wait error.
[2015-07-14 19:50:08](44302|4133230336) epoll_wait error.
[2015-07-14 19:50:08](44302|4133230336) epoll_wait error.
[2015-07-14 19:50:08](44302|4133230336) epoll_wait error.
[2015-07-14 19:50:08](44302|4133230336) epoll_wait error.
[2015-07-14 19:50:08](44302|4133230336) epoll_wait error.
[2015-07-14 19:50:08](44302|4133230336) epoll_wait error.
[2015-07-14 19:50:08](44302|4133230336) epoll_wait error.
[2015-07-14 19:50:09](44302|4133230336) epoll_wait error.
[2015-07-14 19:50:09](44302|4133230336) epoll_wait error.
[2015-07-14 19:50:09](44302|4133230336) epoll_wait error.
[2015-07-14 19:50:09](44302|4133230336) epoll_wait error.
[2015-07-14 19:50:10](44302|4133230336) epoll_wait error.
[2015-07-14 19:50:10](44302|4133230336) epoll_wait error.
[2015-07-14 19:50:10](44302|4133230336) epoll_wait error.
[2015-07-14 19:50:10](44302|4133230336) epoll_wait error.
[2015-07-14 19:50:10](44302|4133230336) epoll_wait error.
[2015-07-14 19:50:14](44302|4133230336) epoll_wait error.
[2015-07-14 19:50:14](44302|4133230336) epoll_wait error.
[2015-07-14 19:50:14](44302|4133230336) epoll_wait error.
[2015-07-14 19:50:14](44302|4133230336) epoll_wait error.
[2015-07-14 19:50:14](44302|4133230336) epoll_wait error.
[2015-07-14 19:50:14](44302|4133230336) epoll_wait error.
[2015-07-14 19:50:14](44302|4133230336) epoll_wait error.
[2015-07-14 19:50:14](44302|4133230336) epoll_wait error.
[2015-07-14 19:50:14](44302|4133230336) epoll_wait error.
[2015-07-14 19:50:17](44302|4133230336) epoll_wait error.
[2015-07-14 19:50:17](44302|4133230336) epoll_wait error.
[2015-07-14 19:50:17](44302|4133230336) epoll_wait error.
[2015-07-14 19:50:17](44302|4133230336) epoll_wait error.
[2015-07-14 19:50:17](44302|4133230336) epoll_wait error.
[2015-07-14 19:50:17](44302|4133230336) epoll_wait error.
[2015-07-14 19:50:17](44302|4133230336) epoll_wait error.
[2015-07-14 19:50:17](44302|4133230336) epoll_wait error.
[2015-07-14 19:50:17](44302|4133230336) epoll_wait error.
[2015-07-14 19:50:17](44302|4133230336) epoll_wait error.
[2015-07-14 19:50:17](44302|4133230336) epoll_wait error.
[2015-07-14 19:50:17](44302|4133230336) epoll_wait error.
[2015-07-14 19:50:17](44302|4133230336) epoll_wait error.
[2015-07-14 19:50:17](44302|4133230336) epoll_wait error.
[2015-07-14 19:50:17](44302|4133230336) epoll_wait error.
[2015-07-14 19:50:17](44302|4133230336) epoll_wait error.
[2015-07-14 19:50:17](44302|4133230336) epoll_wait error.
[2015-07-14 19:50:17](44302|4133230336) epoll_wait error.
[2015-07-14 19:50:17](44302|4133230336) epoll_wait error.
[2015-07-14 19:50:17](44302|4133230336) epoll_wait error.
[2015-07-14 19:50:17](44302|4133230336) epoll_wait error.
[2015-07-14 19:50:17](44302|4133230336) epoll_wait error.
[2015-07-14 19:50:17](44302|4133230336) epoll_wait error.
[2015-07-14 19:50:17](44302|4133230336) epoll_wait error.
[2015-07-14 19:50:17](44302|4133230336) epoll_wait error.
[2015-07-14 19:50:17](44302|4133230336) epoll_wait error.
[2015-07-14 19:50:17](44302|4133230336) epoll_wait error.
[2015-07-14 19:50:17](44302|4133230336) epoll_wait error.
[2015-07-14 19:50:17](44302|4133230336) epoll_wait error.
[2015-07-14 19:50:17](44302|4133230336) epoll_wait error.
[2015-07-14 19:50:17](44302|4133230336) epoll_wait error.
[2015-07-14 19:50:17](44302|4133230336) epoll_wait error.
[2015-07-14 19:50:17](44302|4133230336) epoll_wait error.
[2015-07-14 19:50:17](44302|4133230336) epoll_wait error.
[2015-07-14 19:50:17](44302|4133230336) epoll_wait error.
[2015-07-14 19:50:17](44302|4133230336) epoll_wait error.
[2015-07-14 19:50:29](44302|4133230336) epoll_wait error.
[2015-07-14 19:50:29](44302|4133230336) epoll_wait error.
[2015-07-14 19:50:29](44302|4133230336) epoll_wait error.
[2015-07-14 19:50:29](44302|4133230336) epoll_wait error.
[2015-07-14 19:50:29](44302|4133230336) epoll_wait error.
[2015-07-14 19:50:29](44302|4133230336) epoll_wait error.
[2015-07-14 19:50:29](44302|4133230336) epoll_wait error.
[2015-07-14 19:50:29](44302|4133230336) epoll_wait error.
[2015-07-14 19:50:29](44302|4133230336) epoll_wait error.
[2015-07-14 19:50:29](44302|4133230336) epoll_wait error.
[2015-07-14 19:50:29](44302|4133230336) epoll_wait error.
[2015-07-14 19:54:41](44431|4160591680) echo_server started.
[2015-07-14 19:54:49](44431|4133230336) onTcpConnected (192.168.140.1:2759) (ConnCount: 1)
[2015-07-14 19:54:49](44431|4133230336) onTcpRecvComplete
[2015-07-14 19:54:52](44431|4133230336) epoll_wait error.
[2015-07-14 19:54:52](44431|4133230336) epoll_wait error.
[2015-07-14 19:54:52](44431|4133230336) epoll_wait error.
[2015-07-14 19:54:52](44431|4133230336) epoll_wait error.
[2015-07-14 19:54:52](44431|4133230336) epoll_wait error.
[2015-07-14 19:54:52](44431|4133230336) epoll_wait error.
[2015-07-14 19:54:52](44431|4133230336) epoll_wait error.
[2015-07-14 19:54:52](44431|4133230336) epoll_wait error.
[2015-07-14 19:54:52](44431|4133230336) epoll_wait error.
[2015-07-14 19:54:52](44431|4133230336) epoll_wait error.
[2015-07-14 19:54:52](44431|4133230336) epoll_wait error.
[2015-07-14 19:54:53](44431|4133230336) epoll_wait error.
[2015-07-14 19:54:53](44431|4133230336) epoll_wait error.
[2015-07-14 19:54:53](44431|4133230336) epoll_wait error.
[2015-07-14 19:54:53](44431|4133230336) epoll_wait error.
[2015-07-14 19:54:53](44431|4133230336) epoll_wait error.
[2015-07-14 19:54:53](44431|4133230336) epoll_wait error.
[2015-07-14 19:54:53](44431|4133230336) epoll_wait error.
[2015-07-14 19:54:53](44431|4133230336) epoll_wait error.
[2015-07-14 19:54:53](44431|4133230336) epoll_wait error.
[2015-07-14 19:54:53](44431|4133230336) epoll_wait error.
[2015-07-14 19:54:53](44431|4133230336) epoll_wait error.
[2015-07-14 19:54:53](44431|4133230336) epoll_wait error.
[2015-07-14 19:54:54](44431|4133230336) epoll_wait error.
[2015-07-14 19:54:54](44431|4133230336) epoll_wait error.
[2015-07-14 19:54:54](44431|4133230336) epoll_wait error.
[2015-07-14 19:54:54](44431|4133230336) epoll_wait error.
[2015-07-14 19:54:54](44431|4133230336) epoll_wait error.
[2015-07-14 19:54:54](44431|4133230336) epoll_wait error.
[2015-07-14 19:54:54](44431|4133230336) epoll_wait error.
[2015-07-14 19:54:54](44431|4133230336) epoll_wait error.
[2015-07-14 19:54:54](44431|4133230336) epoll_wait error.
[2015-07-14 19:54:55](44431|4133230336) epoll_wait error.
[2015-07-14 19:54:56](44431|4133230336) epoll_wait error.
[2015-07-14 19:54:56](44431|4133230336) epoll_wait error.
[2015-07-14 19:54:56](44431|4133230336) epoll_wait error.
[2015-07-14 19:54:57](44431|4133230336) epoll_wait error.
[2015-07-14 19:54:57](44431|4133230336) epoll_wait error.
[2015-07-14 19:54:57](44431|4133230336) epoll_wait error.
[2015-07-14 19:54:57](44431|4133230336) epoll_wait error.
[2015-07-14 19:55:00](44431|4133230336) epoll_wait error.
[2015-07-14 19:55:00](44431|4133230336) epoll_wait error.
[2015-07-14 19:55:00](44431|4133230336) epoll_wait error.
[2015-07-14 19:55:00](44431|4133230336) epoll_wait error.
[2015-07-14 19:55:00](44431|4133230336) epoll_wait error.
[2015-07-14 19:55:00](44431|4133230336) epoll_wait error.
[2015-07-14 19:55:00](44431|4133230336) epoll_wait error.
[2015-07-14 19:55:00](44431|4133230336) epoll_wait error.
[2015-07-14 19:55:00](44431|4133230336) epoll_wait error.
[2015-07-14 19:55:00](44431|4133230336) epoll_wait error.
[2015-07-14 19:55:00](44431|4133230336) epoll_wait error.
[2015-07-14 19:55:00](44431|4133230336) epoll_wait error.
[2015-07-14 19:55:00](44431|4133230336) epoll_wait error.
[2015-07-14 19:55:00](44431|4133230336) epoll_wait error.
[2015-07-14 19:55:00](44431|4133230336) epoll_wait error.
[2015-07-14 19:55:00](44431|4133230336) epoll_wait error.
[2015-07-14 19:55:00](44431|4133230336) epoll_wait error.
[2015-07-14 19:55:00](44431|4133230336) epoll_wait error.
[2015-07-14 19:55:00](44431|4133230336) epoll_wait error.
[2015-07-14 19:55:01](44431|4133230336) epoll_wait error.
[2015-07-14 19:55:01](44431|4133230336) epoll_wait error.
[2015-07-14 19:55:01](44431|4133230336) epoll_wait error.
[2015-07-14 19:55:01](44431|4133230336) epoll_wait error.
[2015-07-14 19:55:02](44431|4133230336) epoll_wait error.
[2015-07-14 19:55:02](44431|4133230336) epoll_wait error.
[2015-07-14 19:55:02](44431|4133230336) epoll_wait error.
[2015-07-14 19:55:02](44431|4133230336) epoll_wait error.
[2015-07-14 19:55:02](44431|4133230336) epoll_wait error.
[2015-07-14 19:55:02](44431|4133230336) epoll_wait error.
[2015-07-14 19:55:02](44431|4133230336) epoll_wait error.
[2015-07-14 19:55:02](44431|4133230336) epoll_wait error.
[2015-07-14 19:55:02](44431|4133230336) epoll_wait error.
[2015-07-14 19:55:02](44431|4133230336) epoll_wait error.
[2015-07-14 19:55:02](44431|4133230336) epoll_wait error.
[2015-07-14 19:55:02](44431|4133230336) epoll_wait error.
[2015-07-14 19:55:02](44431|4133230336) epoll_wait error.
[2015-07-14 19:55:02](44431|4133230336) epoll_wait error.
[2015-07-14 19:55:03](44431|4133230336) epoll_wait error.
[2015-07-14 19:55:03](44431|4133230336) epoll_wait error.
[2015-07-14 19:55:03](44431|4133230336) epoll_wait error.
[2015-07-14 19:55:03](44431|4133230336) epoll_wait error.
[2015-07-14 19:55:03](44431|4133230336) epoll_wait error.
[2015-07-14 19:55:03](44431|4133230336) epoll_wait error.
[2015-07-14 19:55:03](44431|4133230336) epoll_wait error.
[2015-07-14 19:55:03](44431|4133230336) epoll_wait error.
[2015-07-14 19:55:03](44431|4133230336) epoll_wait error.
[2015-07-14 19:55:03](44431|4133230336) epoll_wait error.
[2015-07-14 19:55:03](44431|4133230336) epoll_wait error.
[2015-07-14 19:55:03](44431|4133230336) epoll_wait error.
[2015-07-14 19:55:03](44431|4133230336) epoll_wait error.
[2015-07-14 19:55:03](44431|4133230336) epoll_wait error.
[2015-07-14 19:55:03](44431|4133230336) epoll_wait error.
[2015-07-14 19:55:03](44431|4133230336) epoll_wait error.
[2015-07-14 19:55:03](44431|4133230336) epoll_wait error.
[2015-07-14 19:55:03](44431|4133230336) epoll_wait error.
[2015-07-14 19:55:03](44431|4133230336) epoll_wait error.
[2015-07-14 19:55:03](44431|4133230336) epoll_wait error.
[2015-07-14 19:55:03](44431|4133230336) epoll_wait error.
[2015-07-14 19:55:03](44431|4133230336) epoll_wait error.
[2015-07-14 19:55:03](44431|4133230336) epoll_wait error.
[2015-07-14 19:55:03](44431|4133230336) epoll_wait error.
[2015-07-14 19:55:03](44431|4133230336) epoll_wait error.
[2015-07-14 19:55:03](44431|4133230336) epoll_wait error.
[2015-07-14 19:55:03](44431|4133230336) epoll_wait error.
[2015-07-14 19:55:03](44431|4133230336) epoll_wait error.
[2015-07-14 19:55:03](44431|4133230336) epoll_wait error.
[2015-07-14 19:55:03](44431|4133230336) epoll_wait error.
[2015-07-14 19:55:03](44431|4133230336) epoll_wait error.
[2015-07-14 19:55:03](44431|4133230336) epoll_wait error.
[2015-07-14 19:55:03](44431|4133230336) epoll_wait error.
[2015-07-14 19:55:03](44431|4133230336) epoll_wait error.
[2015-07-14 19:55:03](44431|4133230336) epoll_wait error.
[2015-07-14 19:55:03](44431|4133230336) epoll_wait error.
[2015-07-14 19:55:04](44431|4133230336) epoll_wait error.
[2015-07-14 19:55:04](44431|4133230336) epoll_wait error.
[2015-07-14 19:55:04](44431|4133230336) epoll_wait error.
[2015-07-14 19:55:04](44431|4133230336) epoll_wait error.
[2015-07-14 19:55:04](44431|4133230336) epoll_wait error.
[2015-07-14 19:55:04](44431|4133230336) epoll_wait error.
[2015-07-14 19:55:04](44431|4133230336) epoll_wait error.
[2015-07-14 19:55:13](44431|4133230336) epoll_wait error.
[2015-07-14 19:55:13](44431|4133230336) epoll_wait error.
[2015-07-14 19:55:13](44431|4133230336) epoll_wait error.
[2015-07-14 19:55:13](44431|4133230336) epoll_wait error.
[2015-07-14 19:55:13](44431|4133230336) epoll_wait error.
[2015-07-14 19:55:13](44431|4133230336) epoll_wait error.
[2015-07-14 19:55:13](44431|4133230336) epoll_wait error.
[2015-07-14 19:55:13](44431|4133230336) epoll_wait error.
[2015-07-14 19:55:13](44431|4133230336) epoll_wait error.
[2015-07-14 19:55:13](44431|4133230336) epoll_wait error.
[2015-07-14 19:55:13](44431|4133230336) epoll_wait error.
[2015-07-14 19:55:13](44431|4133230336) epoll_wait error.
[2015-07-14 19:55:13](44431|4133230336) epoll_wait error.
[2015-07-14 19:55:13](44431|4133230336) epoll_wait error.
[2015-07-14 19:55:13](44431|4133230336) epoll_wait error.
[2015-07-14 19:55:13](44431|4133230336) epoll_wait error.
[2015-07-14 19:55:13](44431|4133230336) epoll_wait error.
[2015-07-14 19:55:13](44431|4133230336) epoll_wait error.
[2015-07-14 19:55:13](44431|4133230336) epoll_wait error.
[2015-07-14 19:55:13](44431|4133230336) epoll_wait error.
[2015-07-14 19:55:27](44431|4133230336) epoll_wait error.
[2015-07-14 19:55:27](44431|4133230336) epoll_wait error.
[2015-07-14 19:55:57](44431|4133230336) epoll_wait error.
[2015-07-14 19:55:59](44431|4133230336) epoll_wait error.
[2015-07-14 19:55:59](44431|4133230336) epoll_wait error.
[2015-07-14 19:55:59](44431|4133230336) epoll_wait error.
[2015-07-14 19:56:12](44431|4133230336) epoll_wait error.
[2015-07-14 19:56:12](44431|4133230336) epoll_wait error.
