2015-07-06 16:21:03 Workerman[start.php] start in DEBUG mode
2015-07-06 16:33:21 Workerman[start.php] Stopping ...
2015-07-06 16:33:21 Workerman[start.php] has been stopped
2015-07-06 16:33:23 Workerman[start.php] start in DEBUG mode
2015-07-06 16:33:40 Workerman[start.php] Stopping ...
2015-07-06 16:33:40 Workerman[start.php] has been stopped
2015-07-06 16:39:27 Workerman[start.php] start in DEBUG mode
2015-07-06 16:40:58 Workerman[start.php] Stopping ...
2015-07-06 16:40:58 Workerman[start.php] has been stopped
2015-07-06 16:41:00 Workerman[start.php] start in DEBUG mode
2015-07-06 16:41:34 Workerman[start.php] Stopping ...
2015-07-06 16:41:34 Workerman[start.php] has been stopped
2015-07-06 16:41:34 Workerman[start.php] start in DEBUG mode
2015-07-06 16:41:38 Workerman[start.php] Stopping ...
2015-07-06 16:41:38 Workerman[start.php] has been stopped
2015-07-06 16:42:41 Workerman[start.php] start in DEBUG mode
2015-07-06 16:42:44 Workerman[start.php] Stopping ...
2015-07-06 16:42:44 Workerman[start.php] has been stopped
2015-07-06 16:44:26 Workerman[start.php] start in DEBUG mode
2015-07-06 16:44:32 Workerman[start.php] Stopping ...
2015-07-06 16:44:32 Workerman[start.php] has been stopped
2015-07-06 16:50:20 Workerman[start.php] start in DEBUG mode
2015-07-06 16:50:26 Workerman[start.php] Stopping ...
2015-07-06 16:50:26 Workerman[start.php] has been stopped
2015-07-06 16:50:57 Workerman[start.php] start in DEBUG mode
2015-07-06 16:50:59 Workerman[start.php] Stopping ...
2015-07-06 16:50:59 Workerman[start.php] has been stopped
2015-07-06 16:51:16 Workerman[start.php] start in DEBUG mode
2015-07-06 16:51:18 Workerman[start.php] Stopping ...
2015-07-06 16:51:18 Workerman[start.php] has been stopped
2015-07-06 16:59:35 Workerman[start.php] start in DEBUG mode
2015-07-06 16:59:48 Workerman[start.php] Stopping ...
2015-07-06 16:59:48 Workerman[start.php] has been stopped
2015-07-06 17:00:26 Workerman[start.php] start in DEBUG mode
2015-07-06 17:00:55 Workerman[start.php] Stopping ...
2015-07-06 17:00:55 Workerman[start.php] has been stopped
2015-07-06 17:01:28 Workerman[start.php] start in DEBUG mode
2015-07-06 17:02:13 Workerman[start.php] Stopping ...
2015-07-06 17:02:13 Workerman[start.php] has been stopped
2015-07-06 17:02:15 Workerman[start.php] start in DEBUG mode
2015-07-06 17:02:28 WORKER EXIT UNEXPECTED E_ERROR Call to a member function query() on null in /home/ll/baoluo/workerman-login/login_server/start_login.php on line 59
2015-07-06 17:02:28 worker[login:4906] exit with status 65280
2015-07-06 17:03:27 Workerman[start.php] Stopping ...
2015-07-06 17:03:27 Workerman[start.php] has been stopped
2015-07-06 17:03:28 Workerman[start.php] start in DEBUG mode
2015-07-06 17:04:09 Workerman[start.php] Stopping ...
2015-07-06 17:04:09 Workerman[start.php] has been stopped
2015-07-06 17:04:09 Workerman[start.php] start in DEBUG mode
2015-07-06 17:04:44 WORKER EXIT UNEXPECTED E_ERROR Call to a member function query() on null in /home/ll/baoluo/workerman-login/login_server/start_login.php on line 60
2015-07-06 17:04:44 worker[login:4948] exit with status 65280
2015-07-06 17:05:24 Workerman[start.php] Stopping ...
2015-07-06 17:05:24 Workerman[start.php] has been stopped
2015-07-06 17:05:25 Workerman[start.php] start in DEBUG mode
2015-07-06 17:05:38 Workerman[start.php] Stopping ...
2015-07-06 17:05:38 Workerman[start.php] has been stopped
2015-07-06 17:05:47 Workerman[start.php] start in DEBUG mode
2015-07-06 17:06:21 Workerman[start.php] Stopping ...
2015-07-06 17:06:21 Workerman[start.php] has been stopped
2015-07-06 17:06:22 Workerman[start.php] start in DEBUG mode
2015-07-06 17:06:33 WORKER EXIT UNEXPECTED E_ERROR Call to a member function query() on null in /home/ll/baoluo/workerman-login/login_server/start_login.php on line 60
2015-07-06 17:06:33 worker[login:5002] exit with status 65280
2015-07-06 17:07:15 Workerman[start.php] Stopping ...
2015-07-06 17:07:15 Workerman[start.php] has been stopped
2015-07-06 17:08:05 Workerman[start.php] start in DEBUG mode
2015-07-06 17:08:09 Workerman[start.php] Stopping ...
2015-07-06 17:08:09 Workerman[start.php] has been stopped
2015-07-06 17:10:00 Workerman[start.php] start in DEBUG mode
2015-07-06 17:10:10 WORKER EXIT UNEXPECTED E_ERROR Call to a member function query() on null in /home/ll/baoluo/workerman-login/login_server/start_login.php on line 60
2015-07-06 17:10:10 worker[login:5086] exit with status 65280
2015-07-06 17:10:59 Workerman[start.php] Stopping ...
2015-07-06 17:10:59 Workerman[start.php] has been stopped
2015-07-06 17:11:00 Workerman[start.php] start in DEBUG mode
2015-07-06 17:11:25 Workerman[start.php] Stopping ...
2015-07-06 17:11:25 Workerman[start.php] has been stopped
2015-07-07 10:07:04 Workerman[start.php] start in DEBUG mode
2015-07-07 10:07:15 Workerman[start.php] Stopping ...
2015-07-07 10:07:15 Workerman[start.php] has been stopped
2015-07-07 10:54:21 Workerman[start.php] start in DEBUG mode
2015-07-07 10:54:44 Workerman[start.php] start in DEBUG mode
2015-07-07 10:54:44 Workerman[start.php] is running
2015-07-07 10:57:10 Workerman[start.php] Stopping ...
2015-07-07 10:57:10 Workerman[start.php] has been stopped
2015-07-07 10:57:11 Workerman[start.php] start in DEBUG mode
2015-07-07 10:58:01 Workerman[start.php] Stopping ...
2015-07-07 10:58:01 Workerman[start.php] has been stopped
2015-07-07 10:58:02 Workerman[start.php] start in DEBUG mode
2015-07-07 11:22:35 Workerman[start.php] Stopping ...
2015-07-07 11:22:35 Workerman[start.php] has been stopped
2015-07-07 11:22:36 Workerman[start.php] start in DEBUG mode
2015-07-07 11:24:43 Workerman[start.php] Stopping ...
2015-07-07 11:24:43 Workerman[start.php] has been stopped
2015-07-07 11:24:44 Workerman[start.php] start in DEBUG mode
2015-07-07 11:24:53 Workerman[start.php] Stopping ...
2015-07-07 11:24:53 Workerman[start.php] has been stopped
2015-07-07 11:25:28 Workerman[start.php] start in DEBUG mode
2015-07-07 11:25:58 Workerman[start.php] Stopping ...
2015-07-07 11:25:58 Workerman[start.php] has been stopped
2015-07-07 11:25:58 Workerman[start.php] start in DEBUG mode
2015-07-07 11:28:30 Workerman[start.php] Stopping ...
2015-07-07 11:28:30 Workerman[start.php] has been stopped
2015-07-07 11:28:31 Workerman[start.php] start in DEBUG mode
2015-07-07 11:29:46 Workerman[start.php] Stopping ...
2015-07-07 11:29:46 Workerman[start.php] has been stopped
2015-07-07 11:29:47 Workerman[start.php] start in DEBUG mode
2015-07-07 12:21:10 Workerman[start.php] Stopping ...
2015-07-07 12:21:10 Workerman[start.php] has been stopped
2015-07-07 12:21:11 Workerman[start.php] start in DEBUG mode
2015-07-07 14:26:04 Workerman[start.php] Stopping ...
2015-07-07 14:26:04 Workerman[start.php] has been stopped
2015-07-07 14:33:48 Workerman[start.php] start in DEBUG mode
2015-07-07 14:37:01 Workerman[start.php] Stopping ...
2015-07-07 14:37:01 Workerman[start.php] has been stopped
2015-07-07 14:37:01 Workerman[start.php] start in DEBUG mode
2015-07-07 14:40:37 Workerman[start.php] Stopping ...
2015-07-07 14:40:37 Workerman[start.php] has been stopped
2015-07-07 14:40:37 Workerman[start.php] start in DEBUG mode
2015-07-07 14:41:32 Workerman[start.php] Stopping ...
2015-07-07 14:41:32 Workerman[start.php] has been stopped
2015-07-07 14:41:33 Workerman[start.php] start in DEBUG mode
